<?xml version="1.0" encoding="UTF-8"?>
<!-- Generated by org.testng.reporters.JUnitReportReporter -->
<testsuite hostname="Surya-Prakash" failures="0" tests="12" name="testcases.DemoAutomationRegister" time="158.069" errors="0" timestamp="2024-03-11T16:29:43 IST" skipped="0">
  <testcase classname="testcases.DemoAutomationRegister" name="DemoRegisterAutomation" time="0.085"/>
  <testcase classname="testcases.DemoAutomationRegister" name="clickOnSwitchToAlertAndValidateTitlePage" time="2.990"/>
  <testcase classname="testcases.DemoAutomationRegister" name="handleAlertsPopupAndValidateTheTextInsideAnAlertsPopup" time="3.099"/>
  <testcase classname="testcases.DemoAutomationRegister" name="clickOnRegisterLinkAndFillTheForms" time="11.108"/>
  <testcase classname="testcases.DemoAutomationRegister" name="clickOnCountryDropDownAndSelectEachCountryOptionsOneByOne" time="4.913"/>
  <testcase classname="testcases.DemoAutomationRegister" name="clickOnCountryDropDownAndValidateEachCountryOptionsIsSelectableOneByOneFromDropdown" time="4.238">
    <system-out>
      <![CDATA[Selected country Validated]]>
    </system-out>
  </testcase> <!-- clickOnCountryDropDownAndValidateEachCountryOptionsIsSelectableOneByOneFromDropdown -->
  <testcase classname="testcases.DemoAutomationRegister" name="checkAndUncheckEachCheckBoxAndValidateThatCheckBox" time="29.235"/>
  <testcase classname="testcases.DemoAutomationRegister" name="selectEachRadioOptionsForGenderValidateThatOnlyOneRadioButtonShouldBeSelect" time="4.614"/>
  <testcase classname="testcases.DemoAutomationRegister" name="passwordValidationForDifferentScenarios" time="2.120"/>
  <testcase classname="testcases.DemoAutomationRegister" name="DateOfBirthValidation" time="82.032"/>
  <testcase classname="testcases.DemoAutomationRegister" name="fileUploadAction" time="10.684"/>
  <testcase classname="testcases.DemoAutomationRegister" name="filltheRegisterFormAndValidateErrorMessage" time="2.951"/>
  <system-out>
    <![CDATA[Selected country Validated]]>
  </system-out>
</testsuite> <!-- testcases.DemoAutomationRegister -->
