<?xml version="1.0" encoding="UTF-8"?>
<!-- Generated by org.testng.reporters.JUnitReportReporter -->
<testsuite hostname="Surya-Prakash" failures="0" tests="12" name="testcases.DemoAutomationRegister" time="168.451" errors="0" timestamp="2024-03-11T15:36:46 IST" skipped="0">
  <testcase classname="testcases.DemoAutomationRegister" name="DemoRegisterAutomation" time="0.233"/>
  <testcase classname="testcases.DemoAutomationRegister" name="clickOnSwitchToAlertAndValidateTitlePage" time="3.761"/>
  <testcase classname="testcases.DemoAutomationRegister" name="handleAlertsPopupAndValidateTheTextInsideAnAlertsPopup" time="3.153"/>
  <testcase classname="testcases.DemoAutomationRegister" name="clickOnRegisterLinkAndFillTheForms" time="10.291"/>
  <testcase classname="testcases.DemoAutomationRegister" name="clickOnCountryDropDownAndSelectEachCountryOptionsOneByOne" time="6.976"/>
  <testcase classname="testcases.DemoAutomationRegister" name="clickOnCountryDropDownAndValidateEachCountryOptionsIsSelectableOneByOneFromDropdown" time="5.316">
    <system-out>
      <![CDATA[Selected country Validated]]>
    </system-out>
  </testcase> <!-- clickOnCountryDropDownAndValidateEachCountryOptionsIsSelectableOneByOneFromDropdown -->
  <testcase classname="testcases.DemoAutomationRegister" name="checkAndUncheckEachCheckBoxAndValidateThatCheckBox" time="28.370"/>
  <testcase classname="testcases.DemoAutomationRegister" name="selectEachRadioOptionsForGenderValidateThatOnlyOneRadioButtonShouldBeSelect" time="4.721"/>
  <testcase classname="testcases.DemoAutomationRegister" name="passwordValidationForDifferentScenarios" time="5.699"/>
  <testcase classname="testcases.DemoAutomationRegister" name="DateOfBirthValidation" time="84.361"/>
  <testcase classname="testcases.DemoAutomationRegister" name="fileUploadAction" time="10.787"/>
  <testcase classname="testcases.DemoAutomationRegister" name="filltheRegisterFormAndValidateErrorMessage" time="4.783"/>
  <system-out>
    <![CDATA[Selected country Validated]]>
  </system-out>
</testsuite> <!-- testcases.DemoAutomationRegister -->
